{"/Users/80026129/Moffitt/PROJECTS/FullStackOpen/frontend/src/App.jsx": {"path":"/Users/80026129/Moffitt/PROJECTS/FullStackOpen/frontend/src/App.jsx","statementMap":{"0":{"start":{"line":11,"column":12},"end":{"line":146,"column":1}},"1":{"start":{"line":12,"column":28},"end":{"line":12,"column":40}},"2":{"start":{"line":13,"column":32},"end":{"line":13,"column":46}},"3":{"start":{"line":14,"column":42},"end":{"line":14,"column":56}},"4":{"start":{"line":15,"column":34},"end":{"line":15,"column":46}},"5":{"start":{"line":16,"column":34},"end":{"line":16,"column":46}},"6":{"start":{"line":17,"column":26},"end":{"line":17,"column":40}},"7":{"start":{"line":18,"column":42},"end":{"line":18,"column":57}},"8":{"start":{"line":20,"column":2},"end":{"line":24,"column":9}},"9":{"start":{"line":21,"column":4},"end":{"line":23,"column":7}},"10":{"start":{"line":22,"column":6},"end":{"line":22,"column":29}},"11":{"start":{"line":26,"column":2},"end":{"line":33,"column":9}},"12":{"start":{"line":27,"column":27},"end":{"line":27,"column":75}},"13":{"start":{"line":28,"column":4},"end":{"line":32,"column":5}},"14":{"start":{"line":29,"column":19},"end":{"line":29,"column":45}},"15":{"start":{"line":30,"column":6},"end":{"line":30,"column":20}},"16":{"start":{"line":31,"column":6},"end":{"line":31,"column":39}},"17":{"start":{"line":35,"column":29},"end":{"line":52,"column":3}},"18":{"start":{"line":36,"column":17},"end":{"line":36,"column":47}},"19":{"start":{"line":36,"column":35},"end":{"line":36,"column":46}},"20":{"start":{"line":37,"column":24},"end":{"line":37,"column":63}},"21":{"start":{"line":39,"column":4},"end":{"line":51,"column":9}},"22":{"start":{"line":42,"column":8},"end":{"line":42,"column":78}},"23":{"start":{"line":42,"column":38},"end":{"line":42,"column":74}},"24":{"start":{"line":45,"column":8},"end":{"line":47,"column":10}},"25":{"start":{"line":48,"column":8},"end":{"line":50,"column":17}},"26":{"start":{"line":49,"column":10},"end":{"line":49,"column":32}},"27":{"start":{"line":54,"column":18},"end":{"line":58,"column":3}},"28":{"start":{"line":55,"column":4},"end":{"line":57,"column":7}},"29":{"start":{"line":56,"column":6},"end":{"line":56,"column":43}},"30":{"start":{"line":60,"column":22},"end":{"line":79,"column":3}},"31":{"start":{"line":61,"column":4},"end":{"line":61,"column":27}},"32":{"start":{"line":62,"column":4},"end":{"line":78,"column":5}},"33":{"start":{"line":63,"column":19},"end":{"line":66,"column":8}},"34":{"start":{"line":68,"column":6},"end":{"line":68,"column":77}},"35":{"start":{"line":69,"column":6},"end":{"line":69,"column":39}},"36":{"start":{"line":70,"column":6},"end":{"line":70,"column":20}},"37":{"start":{"line":71,"column":6},"end":{"line":71,"column":22}},"38":{"start":{"line":72,"column":6},"end":{"line":72,"column":22}},"39":{"start":{"line":74,"column":6},"end":{"line":74,"column":43}},"40":{"start":{"line":75,"column":6},"end":{"line":77,"column":15}},"41":{"start":{"line":76,"column":8},"end":{"line":76,"column":30}},"42":{"start":{"line":81,"column":20},"end":{"line":102,"column":3}},"43":{"start":{"line":82,"column":28},"end":{"line":82,"column":67}},"44":{"start":{"line":83,"column":28},"end":{"line":83,"column":67}},"45":{"start":{"line":85,"column":4},"end":{"line":101,"column":6}},"46":{"start":{"line":88,"column":33},"end":{"line":88,"column":54}},"47":{"start":{"line":94,"column":50},"end":{"line":94,"column":75}},"48":{"start":{"line":95,"column":50},"end":{"line":95,"column":75}},"49":{"start":{"line":98,"column":33},"end":{"line":98,"column":55}},"50":{"start":{"line":104,"column":22},"end":{"line":104,"column":30}},"51":{"start":{"line":106,"column":19},"end":{"line":110,"column":3}},"52":{"start":{"line":107,"column":4},"end":{"line":109,"column":16}},"53":{"start":{"line":112,"column":22},"end":{"line":112,"column":78}},"54":{"start":{"line":112,"column":63},"end":{"line":112,"column":77}},"55":{"start":{"line":114,"column":2},"end":{"line":145,"column":4}},"56":{"start":{"line":129,"column":31},"end":{"line":129,"column":51}},"57":{"start":{"line":135,"column":10},"end":{"line":139,"column":12}},"58":{"start":{"line":138,"column":36},"end":{"line":138,"column":63}}},"fnMap":{"0":{"name":"(anonymous_0)","decl":{"start":{"line":11,"column":12},"end":{"line":11,"column":13}},"loc":{"start":{"line":11,"column":18},"end":{"line":146,"column":1}},"line":11},"1":{"name":"(anonymous_1)","decl":{"start":{"line":20,"column":12},"end":{"line":20,"column":13}},"loc":{"start":{"line":20,"column":18},"end":{"line":24,"column":3}},"line":20},"2":{"name":"(anonymous_2)","decl":{"start":{"line":21,"column":30},"end":{"line":21,"column":31}},"loc":{"start":{"line":21,"column":48},"end":{"line":23,"column":5}},"line":21},"3":{"name":"(anonymous_3)","decl":{"start":{"line":26,"column":12},"end":{"line":26,"column":13}},"loc":{"start":{"line":26,"column":18},"end":{"line":33,"column":3}},"line":26},"4":{"name":"(anonymous_4)","decl":{"start":{"line":35,"column":29},"end":{"line":35,"column":30}},"loc":{"start":{"line":35,"column":37},"end":{"line":52,"column":3}},"line":35},"5":{"name":"(anonymous_5)","decl":{"start":{"line":36,"column":28},"end":{"line":36,"column":29}},"loc":{"start":{"line":36,"column":35},"end":{"line":36,"column":46}},"line":36},"6":{"name":"(anonymous_6)","decl":{"start":{"line":41,"column":12},"end":{"line":41,"column":13}},"loc":{"start":{"line":41,"column":30},"end":{"line":43,"column":7}},"line":41},"7":{"name":"(anonymous_7)","decl":{"start":{"line":42,"column":27},"end":{"line":42,"column":28}},"loc":{"start":{"line":42,"column":38},"end":{"line":42,"column":74}},"line":42},"8":{"name":"(anonymous_8)","decl":{"start":{"line":44,"column":13},"end":{"line":44,"column":14}},"loc":{"start":{"line":44,"column":24},"end":{"line":51,"column":7}},"line":44},"9":{"name":"(anonymous_9)","decl":{"start":{"line":48,"column":19},"end":{"line":48,"column":20}},"loc":{"start":{"line":48,"column":25},"end":{"line":50,"column":9}},"line":48},"10":{"name":"(anonymous_10)","decl":{"start":{"line":54,"column":18},"end":{"line":54,"column":19}},"loc":{"start":{"line":54,"column":34},"end":{"line":58,"column":3}},"line":54},"11":{"name":"(anonymous_11)","decl":{"start":{"line":55,"column":40},"end":{"line":55,"column":41}},"loc":{"start":{"line":55,"column":58},"end":{"line":57,"column":5}},"line":55},"12":{"name":"(anonymous_12)","decl":{"start":{"line":60,"column":22},"end":{"line":60,"column":23}},"loc":{"start":{"line":60,"column":39},"end":{"line":79,"column":3}},"line":60},"13":{"name":"(anonymous_13)","decl":{"start":{"line":75,"column":17},"end":{"line":75,"column":18}},"loc":{"start":{"line":75,"column":23},"end":{"line":77,"column":7}},"line":75},"14":{"name":"(anonymous_14)","decl":{"start":{"line":81,"column":20},"end":{"line":81,"column":21}},"loc":{"start":{"line":81,"column":26},"end":{"line":102,"column":3}},"line":81},"15":{"name":"(anonymous_15)","decl":{"start":{"line":88,"column":27},"end":{"line":88,"column":28}},"loc":{"start":{"line":88,"column":33},"end":{"line":88,"column":54}},"line":88},"16":{"name":"(anonymous_16)","decl":{"start":{"line":94,"column":34},"end":{"line":94,"column":35}},"loc":{"start":{"line":94,"column":50},"end":{"line":94,"column":75}},"line":94},"17":{"name":"(anonymous_17)","decl":{"start":{"line":95,"column":34},"end":{"line":95,"column":35}},"loc":{"start":{"line":95,"column":50},"end":{"line":95,"column":75}},"line":95},"18":{"name":"(anonymous_18)","decl":{"start":{"line":98,"column":27},"end":{"line":98,"column":28}},"loc":{"start":{"line":98,"column":33},"end":{"line":98,"column":55}},"line":98},"19":{"name":"(anonymous_19)","decl":{"start":{"line":106,"column":19},"end":{"line":106,"column":20}},"loc":{"start":{"line":107,"column":4},"end":{"line":109,"column":16}},"line":107},"20":{"name":"(anonymous_20)","decl":{"start":{"line":112,"column":53},"end":{"line":112,"column":54}},"loc":{"start":{"line":112,"column":63},"end":{"line":112,"column":77}},"line":112},"21":{"name":"(anonymous_21)","decl":{"start":{"line":129,"column":25},"end":{"line":129,"column":26}},"loc":{"start":{"line":129,"column":31},"end":{"line":129,"column":51}},"line":129},"22":{"name":"(anonymous_22)","decl":{"start":{"line":134,"column":25},"end":{"line":134,"column":26}},"loc":{"start":{"line":135,"column":10},"end":{"line":139,"column":12}},"line":135},"23":{"name":"(anonymous_23)","decl":{"start":{"line":138,"column":30},"end":{"line":138,"column":31}},"loc":{"start":{"line":138,"column":36},"end":{"line":138,"column":63}},"line":138}},"branchMap":{"0":{"loc":{"start":{"line":28,"column":4},"end":{"line":32,"column":5}},"type":"if","locations":[{"start":{"line":28,"column":4},"end":{"line":32,"column":5}},{"start":{},"end":{}}],"line":28},"1":{"loc":{"start":{"line":42,"column":38},"end":{"line":42,"column":74}},"type":"cond-expr","locations":[{"start":{"line":42,"column":55},"end":{"line":42,"column":59}},{"start":{"line":42,"column":62},"end":{"line":42,"column":74}}],"line":42},"2":{"loc":{"start":{"line":82,"column":39},"end":{"line":82,"column":65}},"type":"cond-expr","locations":[{"start":{"line":82,"column":54},"end":{"line":82,"column":60}},{"start":{"line":82,"column":63},"end":{"line":82,"column":65}}],"line":82},"3":{"loc":{"start":{"line":83,"column":39},"end":{"line":83,"column":65}},"type":"cond-expr","locations":[{"start":{"line":83,"column":54},"end":{"line":83,"column":56}},{"start":{"line":83,"column":59},"end":{"line":83,"column":65}}],"line":83},"4":{"loc":{"start":{"line":112,"column":22},"end":{"line":112,"column":78}},"type":"cond-expr","locations":[{"start":{"line":112,"column":32},"end":{"line":112,"column":37}},{"start":{"line":112,"column":40},"end":{"line":112,"column":78}}],"line":112},"5":{"loc":{"start":{"line":120,"column":7},"end":{"line":120,"column":27}},"type":"binary-expr","locations":[{"start":{"line":120,"column":7},"end":{"line":120,"column":12}},{"start":{"line":120,"column":16},"end":{"line":120,"column":27}}],"line":120},"6":{"loc":{"start":{"line":121,"column":7},"end":{"line":126,"column":7}},"type":"binary-expr","locations":[{"start":{"line":121,"column":7},"end":{"line":121,"column":11}},{"start":{"line":122,"column":8},"end":{"line":125,"column":14}}],"line":121},"7":{"loc":{"start":{"line":130,"column":16},"end":{"line":130,"column":45}},"type":"cond-expr","locations":[{"start":{"line":130,"column":26},"end":{"line":130,"column":37}},{"start":{"line":130,"column":40},"end":{"line":130,"column":45}}],"line":130}},"s":{"0":0,"1":0,"2":0,"3":0,"4":0,"5":0,"6":0,"7":0,"8":0,"9":0,"10":0,"11":0,"12":0,"13":0,"14":0,"15":0,"16":0,"17":0,"18":0,"19":0,"20":0,"21":0,"22":0,"23":0,"24":0,"25":0,"26":0,"27":0,"28":0,"29":0,"30":0,"31":0,"32":0,"33":0,"34":0,"35":0,"36":0,"37":0,"38":0,"39":0,"40":0,"41":0,"42":0,"43":0,"44":0,"45":0,"46":0,"47":0,"48":0,"49":0,"50":0,"51":0,"52":0,"53":0,"54":0,"55":0,"56":0,"57":0,"58":0},"f":{"0":0,"1":0,"2":0,"3":0,"4":0,"5":0,"6":0,"7":0,"8":0,"9":0,"10":0,"11":0,"12":0,"13":0,"14":0,"15":0,"16":0,"17":0,"18":0,"19":0,"20":0,"21":0,"22":0,"23":0},"b":{"0":[0,0],"1":[0,0],"2":[0,0],"3":[0,0],"4":[0,0],"5":[0,0],"6":[0,0],"7":[0,0]}}
,"/Users/80026129/Moffitt/PROJECTS/FullStackOpen/frontend/src/main.jsx": {"path":"/Users/80026129/Moffitt/PROJECTS/FullStackOpen/frontend/src/main.jsx","statementMap":{"0":{"start":{"line":4,"column":0},"end":{"line":4,"column":69}}},"fnMap":{},"branchMap":{},"s":{"0":0},"f":{},"b":{}}
,"/Users/80026129/Moffitt/PROJECTS/FullStackOpen/frontend/src/components/Footer.jsx": {"path":"/Users/80026129/Moffitt/PROJECTS/FullStackOpen/frontend/src/components/Footer.jsx","statementMap":{"0":{"start":{"line":1,"column":15},"end":{"line":16,"column":1}},"1":{"start":{"line":2,"column":22},"end":{"line":6,"column":3}},"2":{"start":{"line":8,"column":2},"end":{"line":15,"column":4}}},"fnMap":{"0":{"name":"(anonymous_0)","decl":{"start":{"line":1,"column":15},"end":{"line":1,"column":16}},"loc":{"start":{"line":1,"column":21},"end":{"line":16,"column":1}},"line":1}},"branchMap":{},"s":{"0":0,"1":0,"2":0},"f":{"0":0},"b":{}}
,"/Users/80026129/Moffitt/PROJECTS/FullStackOpen/frontend/src/components/LoginForm.jsx": {"path":"/Users/80026129/Moffitt/PROJECTS/FullStackOpen/frontend/src/components/LoginForm.jsx","statementMap":{"0":{"start":{"line":3,"column":18},"end":{"line":31,"column":1}},"1":{"start":{"line":10,"column":2},"end":{"line":30,"column":4}},"2":{"start":{"line":33,"column":0},"end":{"line":39,"column":2}}},"fnMap":{"0":{"name":"(anonymous_0)","decl":{"start":{"line":3,"column":18},"end":{"line":3,"column":19}},"loc":{"start":{"line":9,"column":6},"end":{"line":31,"column":1}},"line":9}},"branchMap":{},"s":{"0":0,"1":0,"2":0},"f":{"0":0},"b":{}}
,"/Users/80026129/Moffitt/PROJECTS/FullStackOpen/frontend/src/components/Note.jsx": {"path":"/Users/80026129/Moffitt/PROJECTS/FullStackOpen/frontend/src/components/Note.jsx","statementMap":{"0":{"start":{"line":1,"column":13},"end":{"line":10,"column":1}},"1":{"start":{"line":2,"column":16},"end":{"line":2,"column":72}},"2":{"start":{"line":4,"column":2},"end":{"line":9,"column":4}}},"fnMap":{"0":{"name":"(anonymous_0)","decl":{"start":{"line":1,"column":13},"end":{"line":1,"column":14}},"loc":{"start":{"line":1,"column":45},"end":{"line":10,"column":1}},"line":1}},"branchMap":{"0":{"loc":{"start":{"line":2,"column":16},"end":{"line":2,"column":72}},"type":"cond-expr","locations":[{"start":{"line":2,"column":33},"end":{"line":2,"column":53}},{"start":{"line":2,"column":56},"end":{"line":2,"column":72}}],"line":2}},"s":{"0":1,"1":1,"2":1},"f":{"0":1},"b":{"0":[1,0]},"_coverageSchema":"1a1c01bbd47fc00a2c39e90264f33305004495a9","hash":"2d192b192063461b62058d8af413447679c69788"}
,"/Users/80026129/Moffitt/PROJECTS/FullStackOpen/frontend/src/components/NoteForm.jsx": {"path":"/Users/80026129/Moffitt/PROJECTS/FullStackOpen/frontend/src/components/NoteForm.jsx","statementMap":{"0":{"start":{"line":3,"column":17},"end":{"line":29,"column":1}},"1":{"start":{"line":4,"column":32},"end":{"line":4,"column":44}},"2":{"start":{"line":6,"column":18},"end":{"line":14,"column":3}},"3":{"start":{"line":7,"column":4},"end":{"line":7,"column":27}},"4":{"start":{"line":8,"column":4},"end":{"line":11,"column":7}},"5":{"start":{"line":13,"column":4},"end":{"line":13,"column":19}},"6":{"start":{"line":16,"column":2},"end":{"line":28,"column":4}},"7":{"start":{"line":23,"column":31},"end":{"line":23,"column":61}}},"fnMap":{"0":{"name":"(anonymous_0)","decl":{"start":{"line":3,"column":17},"end":{"line":3,"column":18}},"loc":{"start":{"line":3,"column":37},"end":{"line":29,"column":1}},"line":3},"1":{"name":"(anonymous_1)","decl":{"start":{"line":6,"column":18},"end":{"line":6,"column":19}},"loc":{"start":{"line":6,"column":29},"end":{"line":14,"column":3}},"line":6},"2":{"name":"(anonymous_2)","decl":{"start":{"line":23,"column":20},"end":{"line":23,"column":21}},"loc":{"start":{"line":23,"column":31},"end":{"line":23,"column":61}},"line":23}},"branchMap":{},"s":{"0":1,"1":19,"2":19,"3":1,"4":1,"5":1,"6":19,"7":17},"f":{"0":19,"1":1,"2":17},"b":{},"_coverageSchema":"1a1c01bbd47fc00a2c39e90264f33305004495a9","hash":"d58be705be73fd544df5ccc8951597e747d3c91e"}
,"/Users/80026129/Moffitt/PROJECTS/FullStackOpen/frontend/src/components/Notification.jsx": {"path":"/Users/80026129/Moffitt/PROJECTS/FullStackOpen/frontend/src/components/Notification.jsx","statementMap":{"0":{"start":{"line":1,"column":21},"end":{"line":7,"column":1}},"1":{"start":{"line":2,"column":2},"end":{"line":4,"column":3}},"2":{"start":{"line":3,"column":4},"end":{"line":3,"column":16}},"3":{"start":{"line":6,"column":2},"end":{"line":6,"column":48}}},"fnMap":{"0":{"name":"(anonymous_0)","decl":{"start":{"line":1,"column":21},"end":{"line":1,"column":22}},"loc":{"start":{"line":1,"column":38},"end":{"line":7,"column":1}},"line":1}},"branchMap":{"0":{"loc":{"start":{"line":2,"column":2},"end":{"line":4,"column":3}},"type":"if","locations":[{"start":{"line":2,"column":2},"end":{"line":4,"column":3}},{"start":{},"end":{}}],"line":2}},"s":{"0":0,"1":0,"2":0,"3":0},"f":{"0":0},"b":{"0":[0,0]}}
,"/Users/80026129/Moffitt/PROJECTS/FullStackOpen/frontend/src/components/Togglable.jsx": {"path":"/Users/80026129/Moffitt/PROJECTS/FullStackOpen/frontend/src/components/Togglable.jsx","statementMap":{"0":{"start":{"line":3,"column":18},"end":{"line":30,"column":2}},"1":{"start":{"line":4,"column":32},"end":{"line":4,"column":47}},"2":{"start":{"line":6,"column":26},"end":{"line":6,"column":60}},"3":{"start":{"line":7,"column":26},"end":{"line":7,"column":60}},"4":{"start":{"line":9,"column":27},"end":{"line":11,"column":3}},"5":{"start":{"line":10,"column":4},"end":{"line":10,"column":25}},"6":{"start":{"line":13,"column":2},"end":{"line":17,"column":5}},"7":{"start":{"line":14,"column":4},"end":{"line":16,"column":6}},"8":{"start":{"line":19,"column":2},"end":{"line":29,"column":4}},"9":{"start":{"line":32,"column":0},"end":{"line":32,"column":36}}},"fnMap":{"0":{"name":"(anonymous_0)","decl":{"start":{"line":3,"column":29},"end":{"line":3,"column":30}},"loc":{"start":{"line":3,"column":46},"end":{"line":30,"column":1}},"line":3},"1":{"name":"(anonymous_1)","decl":{"start":{"line":9,"column":27},"end":{"line":9,"column":28}},"loc":{"start":{"line":9,"column":33},"end":{"line":11,"column":3}},"line":9},"2":{"name":"(anonymous_2)","decl":{"start":{"line":13,"column":28},"end":{"line":13,"column":29}},"loc":{"start":{"line":13,"column":34},"end":{"line":17,"column":3}},"line":13}},"branchMap":{"0":{"loc":{"start":{"line":6,"column":37},"end":{"line":6,"column":58}},"type":"cond-expr","locations":[{"start":{"line":6,"column":47},"end":{"line":6,"column":53}},{"start":{"line":6,"column":56},"end":{"line":6,"column":58}}],"line":6},"1":{"loc":{"start":{"line":7,"column":37},"end":{"line":7,"column":58}},"type":"cond-expr","locations":[{"start":{"line":7,"column":47},"end":{"line":7,"column":49}},{"start":{"line":7,"column":52},"end":{"line":7,"column":58}}],"line":7}},"s":{"0":1,"1":7,"2":7,"3":7,"4":7,"5":3,"6":7,"7":0,"8":7,"9":1},"f":{"0":7,"1":3,"2":0},"b":{"0":[2,5],"1":[2,5]},"_coverageSchema":"1a1c01bbd47fc00a2c39e90264f33305004495a9","hash":"064aabed10208e97e8faf3d663a9be3c6f3bea4f"}
,"/Users/80026129/Moffitt/PROJECTS/FullStackOpen/frontend/src/services/login.js": {"path":"/Users/80026129/Moffitt/PROJECTS/FullStackOpen/frontend/src/services/login.js","statementMap":{"0":{"start":{"line":2,"column":16},"end":{"line":2,"column":28}},"1":{"start":{"line":4,"column":14},"end":{"line":7,"column":1}},"2":{"start":{"line":5,"column":19},"end":{"line":5,"column":57}},"3":{"start":{"line":6,"column":2},"end":{"line":6,"column":23}}},"fnMap":{"0":{"name":"(anonymous_0)","decl":{"start":{"line":4,"column":14},"end":{"line":4,"column":15}},"loc":{"start":{"line":4,"column":37},"end":{"line":7,"column":1}},"line":4}},"branchMap":{},"s":{"0":0,"1":0,"2":0,"3":0},"f":{"0":0},"b":{}}
,"/Users/80026129/Moffitt/PROJECTS/FullStackOpen/frontend/src/services/notes.js": {"path":"/Users/80026129/Moffitt/PROJECTS/FullStackOpen/frontend/src/services/notes.js","statementMap":{"0":{"start":{"line":2,"column":16},"end":{"line":2,"column":28}},"1":{"start":{"line":4,"column":12},"end":{"line":4,"column":16}},"2":{"start":{"line":6,"column":17},"end":{"line":8,"column":1}},"3":{"start":{"line":7,"column":2},"end":{"line":7,"column":31}},"4":{"start":{"line":10,"column":15},"end":{"line":13,"column":1}},"5":{"start":{"line":11,"column":18},"end":{"line":11,"column":36}},"6":{"start":{"line":12,"column":2},"end":{"line":12,"column":51}},"7":{"start":{"line":12,"column":36},"end":{"line":12,"column":49}},"8":{"start":{"line":15,"column":15},"end":{"line":22,"column":1}},"9":{"start":{"line":16,"column":17},"end":{"line":18,"column":3}},"10":{"start":{"line":20,"column":19},"end":{"line":20,"column":63}},"11":{"start":{"line":21,"column":2},"end":{"line":21,"column":23}},"12":{"start":{"line":24,"column":15},"end":{"line":27,"column":1}},"13":{"start":{"line":25,"column":18},"end":{"line":25,"column":58}},"14":{"start":{"line":26,"column":2},"end":{"line":26,"column":51}},"15":{"start":{"line":26,"column":36},"end":{"line":26,"column":49}}},"fnMap":{"0":{"name":"(anonymous_0)","decl":{"start":{"line":6,"column":17},"end":{"line":6,"column":18}},"loc":{"start":{"line":6,"column":31},"end":{"line":8,"column":1}},"line":6},"1":{"name":"(anonymous_1)","decl":{"start":{"line":10,"column":15},"end":{"line":10,"column":16}},"loc":{"start":{"line":10,"column":21},"end":{"line":13,"column":1}},"line":10},"2":{"name":"(anonymous_2)","decl":{"start":{"line":12,"column":22},"end":{"line":12,"column":23}},"loc":{"start":{"line":12,"column":36},"end":{"line":12,"column":49}},"line":12},"3":{"name":"(anonymous_3)","decl":{"start":{"line":15,"column":15},"end":{"line":15,"column":16}},"loc":{"start":{"line":15,"column":36},"end":{"line":22,"column":1}},"line":15},"4":{"name":"(anonymous_4)","decl":{"start":{"line":24,"column":15},"end":{"line":24,"column":16}},"loc":{"start":{"line":24,"column":34},"end":{"line":27,"column":1}},"line":24},"5":{"name":"(anonymous_5)","decl":{"start":{"line":26,"column":22},"end":{"line":26,"column":23}},"loc":{"start":{"line":26,"column":36},"end":{"line":26,"column":49}},"line":26}},"branchMap":{},"s":{"0":0,"1":0,"2":0,"3":0,"4":0,"5":0,"6":0,"7":0,"8":0,"9":0,"10":0,"11":0,"12":0,"13":0,"14":0,"15":0},"f":{"0":0,"1":0,"2":0,"3":0,"4":0,"5":0},"b":{}}
}
