TN:
SF:src/App.jsx
FN:11,(anonymous_0)
FN:20,(anonymous_1)
FN:21,(anonymous_2)
FN:26,(anonymous_3)
FN:35,(anonymous_4)
FN:36,(anonymous_5)
FN:41,(anonymous_6)
FN:42,(anonymous_7)
FN:44,(anonymous_8)
FN:48,(anonymous_9)
FN:54,(anonymous_10)
FN:55,(anonymous_11)
FN:60,(anonymous_12)
FN:75,(anonymous_13)
FN:81,(anonymous_14)
FN:88,(anonymous_15)
FN:94,(anonymous_16)
FN:95,(anonymous_17)
FN:98,(anonymous_18)
FN:106,(anonymous_19)
FN:112,(anonymous_20)
FN:129,(anonymous_21)
FN:134,(anonymous_22)
FN:138,(anonymous_23)
FNF:24
FNH:0
FNDA:0,(anonymous_0)
FNDA:0,(anonymous_1)
FNDA:0,(anonymous_2)
FNDA:0,(anonymous_3)
FNDA:0,(anonymous_4)
FNDA:0,(anonymous_5)
FNDA:0,(anonymous_6)
FNDA:0,(anonymous_7)
FNDA:0,(anonymous_8)
FNDA:0,(anonymous_9)
FNDA:0,(anonymous_10)
FNDA:0,(anonymous_11)
FNDA:0,(anonymous_12)
FNDA:0,(anonymous_13)
FNDA:0,(anonymous_14)
FNDA:0,(anonymous_15)
FNDA:0,(anonymous_16)
FNDA:0,(anonymous_17)
FNDA:0,(anonymous_18)
FNDA:0,(anonymous_19)
FNDA:0,(anonymous_20)
FNDA:0,(anonymous_21)
FNDA:0,(anonymous_22)
FNDA:0,(anonymous_23)
DA:11,0
DA:12,0
DA:13,0
DA:14,0
DA:15,0
DA:16,0
DA:17,0
DA:18,0
DA:20,0
DA:21,0
DA:22,0
DA:26,0
DA:27,0
DA:28,0
DA:29,0
DA:30,0
DA:31,0
DA:35,0
DA:36,0
DA:37,0
DA:39,0
DA:42,0
DA:45,0
DA:48,0
DA:49,0
DA:54,0
DA:55,0
DA:56,0
DA:60,0
DA:61,0
DA:62,0
DA:63,0
DA:68,0
DA:69,0
DA:70,0
DA:71,0
DA:72,0
DA:74,0
DA:75,0
DA:76,0
DA:81,0
DA:82,0
DA:83,0
DA:85,0
DA:88,0
DA:94,0
DA:95,0
DA:98,0
DA:104,0
DA:106,0
DA:107,0
DA:112,0
DA:114,0
DA:129,0
DA:135,0
DA:138,0
LF:56
LH:0
BRDA:28,0,0,0
BRDA:28,0,1,0
BRDA:42,1,0,0
BRDA:42,1,1,0
BRDA:82,2,0,0
BRDA:82,2,1,0
BRDA:83,3,0,0
BRDA:83,3,1,0
BRDA:112,4,0,0
BRDA:112,4,1,0
BRDA:120,5,0,0
BRDA:120,5,1,0
BRDA:121,6,0,0
BRDA:121,6,1,0
BRDA:130,7,0,0
BRDA:130,7,1,0
BRF:16
BRH:0
end_of_record
TN:
SF:src/main.jsx
FNF:0
FNH:0
DA:4,0
LF:1
LH:0
BRF:0
BRH:0
end_of_record
TN:
SF:src/components/Footer.jsx
FN:1,(anonymous_0)
FNF:1
FNH:0
FNDA:0,(anonymous_0)
DA:1,0
DA:2,0
DA:8,0
LF:3
LH:0
BRF:0
BRH:0
end_of_record
TN:
SF:src/components/LoginForm.jsx
FN:3,(anonymous_0)
FNF:1
FNH:0
FNDA:0,(anonymous_0)
DA:3,0
DA:10,0
DA:33,0
LF:3
LH:0
BRF:0
BRH:0
end_of_record
TN:
SF:src/components/Note.jsx
FN:1,(anonymous_0)
FNF:1
FNH:1
FNDA:1,(anonymous_0)
DA:1,1
DA:2,1
DA:4,1
LF:3
LH:3
BRDA:2,0,0,1
BRDA:2,0,1,0
BRF:2
BRH:1
end_of_record
TN:
SF:src/components/NoteForm.jsx
FN:3,(anonymous_0)
FN:6,(anonymous_1)
FN:23,(anonymous_2)
FNF:3
FNH:3
FNDA:19,(anonymous_0)
FNDA:1,(anonymous_1)
FNDA:17,(anonymous_2)
DA:3,1
DA:4,19
DA:6,19
DA:7,1
DA:8,1
DA:13,1
DA:16,19
DA:23,17
LF:8
LH:8
BRF:0
BRH:0
end_of_record
TN:
SF:src/components/Notification.jsx
FN:1,(anonymous_0)
FNF:1
FNH:0
FNDA:0,(anonymous_0)
DA:1,0
DA:2,0
DA:3,0
DA:6,0
LF:4
LH:0
BRDA:2,0,0,0
BRDA:2,0,1,0
BRF:2
BRH:0
end_of_record
TN:
SF:src/components/Togglable.jsx
FN:3,(anonymous_0)
FN:9,(anonymous_1)
FN:13,(anonymous_2)
FNF:3
FNH:2
FNDA:7,(anonymous_0)
FNDA:3,(anonymous_1)
FNDA:0,(anonymous_2)
DA:3,1
DA:4,7
DA:6,7
DA:7,7
DA:9,7
DA:10,3
DA:13,7
DA:14,0
DA:19,7
DA:32,1
LF:10
LH:9
BRDA:6,0,0,2
BRDA:6,0,1,5
BRDA:7,1,0,2
BRDA:7,1,1,5
BRF:4
BRH:4
end_of_record
TN:
SF:src/services/login.js
FN:4,(anonymous_0)
FNF:1
FNH:0
FNDA:0,(anonymous_0)
DA:2,0
DA:4,0
DA:5,0
DA:6,0
LF:4
LH:0
BRF:0
BRH:0
end_of_record
TN:
SF:src/services/notes.js
FN:6,(anonymous_0)
FN:10,(anonymous_1)
FN:12,(anonymous_2)
FN:15,(anonymous_3)
FN:24,(anonymous_4)
FN:26,(anonymous_5)
FNF:6
FNH:0
FNDA:0,(anonymous_0)
FNDA:0,(anonymous_1)
FNDA:0,(anonymous_2)
FNDA:0,(anonymous_3)
FNDA:0,(anonymous_4)
FNDA:0,(anonymous_5)
DA:2,0
DA:4,0
DA:6,0
DA:7,0
DA:10,0
DA:11,0
DA:12,0
DA:15,0
DA:16,0
DA:20,0
DA:21,0
DA:24,0
DA:25,0
DA:26,0
LF:14
LH:0
BRF:0
BRH:0
end_of_record
